[0722/013307.513:ERROR:process_reader_win.cc(151)] SuspendThread: Access is denied. (0x5)
[0722/013307.514:ERROR:process_reader_win.cc(151)] SuspendThread: Access is denied. (0x5)
[0722/013307.514:ERROR:process_reader_win.cc(151)] SuspendThread: Access is denied. (0x5)
[0722/013307.514:ERROR:process_reader_win.cc(123)] NtOpenThread: {Access Denied} A process has requested access to an object, but has not been granted those access rights.  (0xc0000022)
[0722/013307.519:ERROR:exception_snapshot_win.cc(87)] thread ID 16056 not found in process
[0722/013307.519:WARNING:crash_report_exception_handler.cc(62)] ProcessSnapshotWin::Initialize failed
[0722/013307.656:ERROR:process_reader_win.cc(151)] SuspendThread: Access is denied. (0x5)
[0722/013307.681:ERROR:process_reader_win.cc(151)] SuspendThread: Access is denied. (0x5)
[0722/013307.681:ERROR:process_reader_win.cc(151)] SuspendThread: Access is denied. (0x5)
[0722/013307.681:ERROR:process_reader_win.cc(151)] SuspendThread: Access is denied. (0x5)
[0722/013307.681:ERROR:process_reader_win.cc(123)] NtOpenThread: {Access Denied} A process has requested access to an object, but has not been granted those access rights.  (0xc0000022)
[0722/013307.682:ERROR:exception_snapshot_win.cc(87)] thread ID 16008 not found in process
[0722/013307.682:WARNING:crash_report_exception_handler.cc(62)] ProcessSnapshotWin::Initialize failed
[0722/013307.844:ERROR:process_reader_win.cc(151)] SuspendThread: Access is denied. (0x5)
[0722/013307.848:ERROR:process_reader_win.cc(151)] SuspendThread: Access is denied. (0x5)
[0722/013307.848:ERROR:process_reader_win.cc(151)] SuspendThread: Access is denied. (0x5)
[0722/013307.848:ERROR:process_reader_win.cc(123)] NtOpenThread: {Access Denied} A process has requested access to an object, but has not been granted those access rights.  (0xc0000022)
[0722/013307.849:ERROR:exception_snapshot_win.cc(87)] thread ID 10224 not found in process
[0722/013307.849:WARNING:crash_report_exception_handler.cc(62)] ProcessSnapshotWin::Initialize failed
[0722/013308.000:ERROR:process_reader_win.cc(151)] SuspendThread: Access is denied. (0x5)
[0722/013308.001:ERROR:process_reader_win.cc(151)] SuspendThread: Access is denied. (0x5)
[0722/013308.001:ERROR:process_reader_win.cc(151)] SuspendThread: Access is denied. (0x5)
[0722/013308.001:ERROR:process_reader_win.cc(151)] SuspendThread: Access is denied. (0x5)
[0722/013308.001:ERROR:process_reader_win.cc(123)] NtOpenThread: {Access Denied} A process has requested access to an object, but has not been granted those access rights.  (0xc0000022)
[0722/013308.002:ERROR:exception_snapshot_win.cc(87)] thread ID 10584 not found in process
[0722/013308.002:WARNING:crash_report_exception_handler.cc(62)] ProcessSnapshotWin::Initialize failed
[0722/013308.115:ERROR:process_reader_win.cc(151)] SuspendThread: Access is denied. (0x5)
[0722/013308.116:ERROR:process_reader_win.cc(151)] SuspendThread: Access is denied. (0x5)
[0722/013308.116:ERROR:process_reader_win.cc(151)] SuspendThread: Access is denied. (0x5)
[0722/013308.116:ERROR:process_reader_win.cc(151)] SuspendThread: Access is denied. (0x5)
[0722/013308.116:ERROR:process_reader_win.cc(123)] NtOpenThread: {Access Denied} A process has requested access to an object, but has not been granted those access rights.  (0xc0000022)
[0722/013308.116:ERROR:exception_snapshot_win.cc(87)] thread ID 11736 not found in process
[0722/013308.116:WARNING:crash_report_exception_handler.cc(62)] ProcessSnapshotWin::Initialize failed
[0722/013308.167:ERROR:process_reader_win.cc(151)] SuspendThread: Access is denied. (0x5)
[0722/013308.168:ERROR:process_reader_win.cc(151)] SuspendThread: Access is denied. (0x5)
[0722/013308.168:ERROR:process_reader_win.cc(151)] SuspendThread: Access is denied. (0x5)
[0722/013308.168:ERROR:process_reader_win.cc(151)] SuspendThread: Access is denied. (0x5)
[0722/013308.168:ERROR:process_reader_win.cc(123)] NtOpenThread: {Access Denied} A process has requested access to an object, but has not been granted those access rights.  (0xc0000022)
[0722/013308.168:ERROR:exception_snapshot_win.cc(87)] thread ID 15056 not found in process
[0722/013308.168:WARNING:crash_report_exception_handler.cc(62)] ProcessSnapshotWin::Initialize failed
[0722/013308.225:ERROR:process_reader_win.cc(151)] SuspendThread: Access is denied. (0x5)
[0722/013308.228:ERROR:process_reader_win.cc(151)] SuspendThread: Access is denied. (0x5)
[0722/013308.228:ERROR:process_reader_win.cc(151)] SuspendThread: Access is denied. (0x5)
[0722/013308.228:ERROR:process_reader_win.cc(123)] NtOpenThread: {Access Denied} A process has requested access to an object, but has not been granted those access rights.  (0xc0000022)
[0722/013308.229:ERROR:exception_snapshot_win.cc(87)] thread ID 13620 not found in process
[0722/013308.230:WARNING:crash_report_exception_handler.cc(62)] ProcessSnapshotWin::Initialize failed
[0722/013518.641:ERROR:process_reader_win.cc(151)] SuspendThread: Access is denied. (0x5)
[0722/013518.646:ERROR:process_reader_win.cc(151)] SuspendThread: Access is denied. (0x5)
[0722/013518.646:ERROR:process_reader_win.cc(123)] NtOpenThread: {Access Denied} A process has requested access to an object, but has not been granted those access rights.  (0xc0000022)
[0722/013518.647:ERROR:exception_snapshot_win.cc(87)] thread ID 15816 not found in process
[0722/013518.647:WARNING:crash_report_exception_handler.cc(62)] ProcessSnapshotWin::Initialize failed
[0722/013518.741:ERROR:process_reader_win.cc(151)] SuspendThread: Access is denied. (0x5)
[0722/013518.795:ERROR:process_reader_win.cc(151)] SuspendThread: Access is denied. (0x5)
[0722/013518.795:ERROR:process_reader_win.cc(151)] SuspendThread: Access is denied. (0x5)
[0722/013518.795:ERROR:process_reader_win.cc(151)] SuspendThread: Access is denied. (0x5)
[0722/013518.795:ERROR:process_reader_win.cc(151)] SuspendThread: Access is denied. (0x5)
[0722/013518.796:ERROR:process_reader_win.cc(151)] SuspendThread: Access is denied. (0x5)
[0722/013518.796:ERROR:process_reader_win.cc(151)] SuspendThread: Access is denied. (0x5)
[0722/013518.796:ERROR:process_reader_win.cc(151)] SuspendThread: Access is denied. (0x5)
[0722/013518.796:ERROR:process_reader_win.cc(151)] SuspendThread: Access is denied. (0x5)
[0722/013518.796:ERROR:process_reader_win.cc(151)] SuspendThread: Access is denied. (0x5)
[0722/013518.796:ERROR:process_reader_win.cc(151)] SuspendThread: Access is denied. (0x5)
[0722/013518.796:ERROR:process_reader_win.cc(151)] SuspendThread: Access is denied. (0x5)
[0722/013518.796:ERROR:process_reader_win.cc(151)] SuspendThread: Access is denied. (0x5)
[0722/013518.796:ERROR:process_reader_win.cc(151)] SuspendThread: Access is denied. (0x5)
[0722/013518.796:ERROR:process_reader_win.cc(151)] SuspendThread: Access is denied. (0x5)
[0722/013518.796:ERROR:process_reader_win.cc(151)] SuspendThread: Access is denied. (0x5)
[0722/013518.796:ERROR:process_reader_win.cc(151)] SuspendThread: Access is denied. (0x5)
[0722/013518.796:ERROR:process_reader_win.cc(151)] SuspendThread: Access is denied. (0x5)
[0722/013518.796:ERROR:process_reader_win.cc(151)] SuspendThread: Access is denied. (0x5)
[0722/013518.796:ERROR:process_reader_win.cc(151)] SuspendThread: Access is denied. (0x5)
[0722/013518.796:ERROR:process_reader_win.cc(151)] SuspendThread: Access is denied. (0x5)
[0722/013518.796:ERROR:process_reader_win.cc(151)] SuspendThread: Access is denied. (0x5)
[0722/013518.796:ERROR:process_reader_win.cc(151)] SuspendThread: Access is denied. (0x5)
[0722/013518.796:ERROR:process_reader_win.cc(123)] NtOpenThread: An invalid Client ID was specified.  (0xc000000b)
[0722/013518.797:ERROR:process_reader_win.cc(151)] SuspendThread: Access is denied. (0x5)
[0722/013518.797:ERROR:process_reader_win.cc(151)] SuspendThread: Access is denied. (0x5)
[0722/013518.797:ERROR:process_reader_win.cc(151)] SuspendThread: Access is denied. (0x5)
[0722/013518.797:ERROR:process_reader_win.cc(151)] SuspendThread: Access is denied. (0x5)
[0722/013518.797:ERROR:process_reader_win.cc(151)] SuspendThread: Access is denied. (0x5)
[0722/013518.797:ERROR:process_reader_win.cc(151)] SuspendThread: Access is denied. (0x5)
[0722/013518.797:ERROR:process_reader_win.cc(151)] SuspendThread: Access is denied. (0x5)
[0722/013518.797:ERROR:process_reader_win.cc(151)] SuspendThread: Access is denied. (0x5)
[0722/013518.797:ERROR:process_reader_win.cc(151)] SuspendThread: Access is denied. (0x5)
[0722/013518.798:ERROR:process_reader_win.cc(151)] SuspendThread: Access is denied. (0x5)
[0722/013518.798:ERROR:process_reader_win.cc(151)] SuspendThread: Access is denied. (0x5)
[0722/013518.798:ERROR:process_reader_win.cc(151)] SuspendThread: Access is denied. (0x5)
[0722/013518.798:ERROR:process_reader_win.cc(151)] SuspendThread: Access is denied. (0x5)
[0722/013518.798:ERROR:process_reader_win.cc(151)] SuspendThread: Access is denied. (0x5)
[0722/013518.798:ERROR:process_reader_win.cc(151)] SuspendThread: Access is denied. (0x5)
[0722/013518.798:ERROR:process_reader_win.cc(123)] NtOpenThread: {Access Denied} A process has requested access to an object, but has not been granted those access rights.  (0xc0000022)
[0722/013518.798:ERROR:exception_snapshot_win.cc(87)] thread ID 9148 not found in process
[0722/013518.798:WARNING:crash_report_exception_handler.cc(62)] ProcessSnapshotWin::Initialize failed
[0722/013518.880:ERROR:process_reader_win.cc(151)] SuspendThread: Access is denied. (0x5)
[0722/013518.882:ERROR:process_reader_win.cc(151)] SuspendThread: Access is denied. (0x5)
[0722/013518.883:ERROR:process_reader_win.cc(151)] SuspendThread: Access is denied. (0x5)
[0722/013518.883:ERROR:process_reader_win.cc(123)] NtOpenThread: {Access Denied} A process has requested access to an object, but has not been granted those access rights.  (0xc0000022)
[0722/013518.883:ERROR:exception_snapshot_win.cc(87)] thread ID 8656 not found in process
[0722/013518.883:WARNING:crash_report_exception_handler.cc(62)] ProcessSnapshotWin::Initialize failed
[0722/013518.967:ERROR:process_reader_win.cc(151)] SuspendThread: Access is denied. (0x5)
[0722/013518.968:ERROR:process_reader_win.cc(151)] SuspendThread: Access is denied. (0x5)
[0722/013518.968:ERROR:process_reader_win.cc(151)] SuspendThread: Access is denied. (0x5)
[0722/013518.969:ERROR:process_reader_win.cc(123)] NtOpenThread: {Access Denied} A process has requested access to an object, but has not been granted those access rights.  (0xc0000022)
[0722/013518.969:ERROR:exception_snapshot_win.cc(87)] thread ID 2412 not found in process
[0722/013518.969:WARNING:crash_report_exception_handler.cc(62)] ProcessSnapshotWin::Initialize failed
[0722/013519.032:ERROR:process_reader_win.cc(151)] SuspendThread: Access is denied. (0x5)
[0722/013519.038:ERROR:process_reader_win.cc(151)] SuspendThread: Access is denied. (0x5)
[0722/013519.038:ERROR:process_reader_win.cc(151)] SuspendThread: Access is denied. (0x5)
[0722/013519.039:ERROR:process_reader_win.cc(151)] SuspendThread: Access is denied. (0x5)
[0722/013519.039:ERROR:process_reader_win.cc(123)] NtOpenThread: {Access Denied} A process has requested access to an object, but has not been granted those access rights.  (0xc0000022)
[0722/013519.039:ERROR:exception_snapshot_win.cc(87)] thread ID 4860 not found in process
[0722/013519.039:WARNING:crash_report_exception_handler.cc(62)] ProcessSnapshotWin::Initialize failed
